[1.801s] Invoking command in '/home/lenovo/Desktop/ros2_ws/src/my_py_pkg': DEBUGINFOD_URLS=https://debuginfod.ubuntu.com PYTHONPATH=/home/lenovo/Desktop/ros2_ws/build/my_py_pkg/prefix_override:/usr/lib/python3/dist-packages/colcon_core/task/python/colcon_distutils_commands:/home/lenovo/Desktop/ros2_ws/install/my_py_pkg/lib/python3.12/site-packages:${PYTHONPATH} /usr/bin/python3 -W ignore:setup.py install is deprecated -W ignore:easy_install command is deprecated setup.py egg_info --egg-base ../../build/my_py_pkg build --build-base /home/lenovo/Desktop/ros2_ws/build/my_py_pkg/build install --record /home/lenovo/Desktop/ros2_ws/build/my_py_pkg/install.log --single-version-externally-managed install_data
[2.364s] running egg_info
[2.388s] writing ../../build/my_py_pkg/my_py_pkg.egg-info/PKG-INFO
[2.388s] writing dependency_links to ../../build/my_py_pkg/my_py_pkg.egg-info/dependency_links.txt
[2.389s] writing entry points to ../../build/my_py_pkg/my_py_pkg.egg-info/entry_points.txt
[2.389s] writing requirements to ../../build/my_py_pkg/my_py_pkg.egg-info/requires.txt
[2.389s] writing top-level names to ../../build/my_py_pkg/my_py_pkg.egg-info/top_level.txt
[2.441s] reading manifest file '../../build/my_py_pkg/my_py_pkg.egg-info/SOURCES.txt'
[2.443s] writing manifest file '../../build/my_py_pkg/my_py_pkg.egg-info/SOURCES.txt'
[2.443s] running build
[2.443s] running build_py
[2.444s] copying my_py_pkg/my_first_node.py -> /home/lenovo/Desktop/ros2_ws/build/my_py_pkg/build/lib/my_py_pkg
[2.444s] running install
[2.455s] running install_lib
[2.481s] copying /home/lenovo/Desktop/ros2_ws/build/my_py_pkg/build/lib/my_py_pkg/my_first_node.py -> /home/lenovo/Desktop/ros2_ws/install/my_py_pkg/lib/python3.12/site-packages/my_py_pkg
[2.483s] byte-compiling /home/lenovo/Desktop/ros2_ws/install/my_py_pkg/lib/python3.12/site-packages/my_py_pkg/my_first_node.py to my_first_node.cpython-312.pyc
[2.484s] running install_data
[2.485s] running install_egg_info
[2.514s] removing '/home/lenovo/Desktop/ros2_ws/install/my_py_pkg/lib/python3.12/site-packages/my_py_pkg-0.0.0-py3.12.egg-info' (and everything under it)
[2.515s] Copying ../../build/my_py_pkg/my_py_pkg.egg-info to /home/lenovo/Desktop/ros2_ws/install/my_py_pkg/lib/python3.12/site-packages/my_py_pkg-0.0.0-py3.12.egg-info
[2.516s] running install_scripts
[2.717s] Installing py_node_updated script to /home/lenovo/Desktop/ros2_ws/install/my_py_pkg/lib/my_py_pkg
[2.718s] writing list of installed files to '/home/lenovo/Desktop/ros2_ws/build/my_py_pkg/install.log'
[2.857s] Invoked command in '/home/lenovo/Desktop/ros2_ws/src/my_py_pkg' returned '0': DEBUGINFOD_URLS=https://debuginfod.ubuntu.com PYTHONPATH=/home/lenovo/Desktop/ros2_ws/build/my_py_pkg/prefix_override:/usr/lib/python3/dist-packages/colcon_core/task/python/colcon_distutils_commands:/home/lenovo/Desktop/ros2_ws/install/my_py_pkg/lib/python3.12/site-packages:${PYTHONPATH} /usr/bin/python3 -W ignore:setup.py install is deprecated -W ignore:easy_install command is deprecated setup.py egg_info --egg-base ../../build/my_py_pkg build --build-base /home/lenovo/Desktop/ros2_ws/build/my_py_pkg/build install --record /home/lenovo/Desktop/ros2_ws/build/my_py_pkg/install.log --single-version-externally-managed install_data
