[1.598s] Invoking command in '/home/lenovo/Desktop/ros2_ws/build/my_py_pkg': DEBUGINFOD_URLS=https://debuginfod.ubuntu.com PYTHONPATH=/home/lenovo/Desktop/ros2_ws/build/my_py_pkg/prefix_override:/usr/lib/python3/dist-packages/colcon_core/task/python/colcon_distutils_commands:/home/lenovo/Desktop/ros2_ws/install/my_py_pkg/lib/python3.12/site-packages:${PYTHONPATH} /usr/bin/python3 -W ignore:setup.py install is deprecated -W ignore:easy_install command is deprecated setup.py develop --editable --build-directory /home/lenovo/Desktop/ros2_ws/build/my_py_pkg/build --no-deps symlink_data --force
[2.129s] running develop
[2.456s] running egg_info
[2.486s] writing my_py_pkg.egg-info/PKG-INFO
[2.487s] writing dependency_links to my_py_pkg.egg-info/dependency_links.txt
[2.488s] writing entry points to my_py_pkg.egg-info/entry_points.txt
[2.488s] writing requirements to my_py_pkg.egg-info/requires.txt
[2.489s] writing top-level names to my_py_pkg.egg-info/top_level.txt
[2.568s] reading manifest file 'my_py_pkg.egg-info/SOURCES.txt'
[2.569s] writing manifest file 'my_py_pkg.egg-info/SOURCES.txt'
[2.599s] running build_ext
[2.600s] Creating /home/lenovo/Desktop/ros2_ws/install/my_py_pkg/lib/python3.12/site-packages/my-py-pkg.egg-link (link to .)
[2.602s] Installing py_node_updated script to /home/lenovo/Desktop/ros2_ws/install/my_py_pkg/lib/my_py_pkg
[2.602s] Installing state_publisher script to /home/lenovo/Desktop/ros2_ws/install/my_py_pkg/lib/my_py_pkg
[2.602s] 
[2.603s] Installed /home/lenovo/Desktop/ros2_ws/build/my_py_pkg
[2.603s] running symlink_data
[2.603s] symbolically linking /home/lenovo/Desktop/ros2_ws/build/my_py_pkg/resource/my_py_pkg -> /home/lenovo/Desktop/ros2_ws/install/my_py_pkg/share/ament_index/resource_index/packages
[2.604s] symbolically linking /home/lenovo/Desktop/ros2_ws/build/my_py_pkg/package.xml -> /home/lenovo/Desktop/ros2_ws/install/my_py_pkg/share/my_py_pkg
[2.675s] Invoked command in '/home/lenovo/Desktop/ros2_ws/build/my_py_pkg' returned '0': DEBUGINFOD_URLS=https://debuginfod.ubuntu.com PYTHONPATH=/home/lenovo/Desktop/ros2_ws/build/my_py_pkg/prefix_override:/usr/lib/python3/dist-packages/colcon_core/task/python/colcon_distutils_commands:/home/lenovo/Desktop/ros2_ws/install/my_py_pkg/lib/python3.12/site-packages:${PYTHONPATH} /usr/bin/python3 -W ignore:setup.py install is deprecated -W ignore:easy_install command is deprecated setup.py develop --editable --build-directory /home/lenovo/Desktop/ros2_ws/build/my_py_pkg/build --no-deps symlink_data --force
