[0.979s] Invoking command in '/home/lenovo/Desktop/ros2_ws/src/my_py_pkg': DEBUGINFOD_URLS=https://debuginfod.ubuntu.com PYTHONPATH=/home/lenovo/Desktop/ros2_ws/build/my_py_pkg/prefix_override:/usr/lib/python3/dist-packages/colcon_core/task/python/colcon_distutils_commands:/home/lenovo/Desktop/ros2_ws/install/my_py_pkg/lib/python3.12/site-packages:${PYTHONPATH} /usr/bin/python3 -W ignore:setup.py install is deprecated -W ignore:easy_install command is deprecated setup.py egg_info --egg-base ../../build/my_py_pkg build --build-base /home/lenovo/Desktop/ros2_ws/build/my_py_pkg/build install --record /home/lenovo/Desktop/ros2_ws/build/my_py_pkg/install.log --single-version-externally-managed install_data
[1.295s] running egg_info
[1.315s] writing ../../build/my_py_pkg/my_py_pkg.egg-info/PKG-INFO
[1.316s] writing dependency_links to ../../build/my_py_pkg/my_py_pkg.egg-info/dependency_links.txt
[1.316s] writing entry points to ../../build/my_py_pkg/my_py_pkg.egg-info/entry_points.txt
[1.316s] writing requirements to ../../build/my_py_pkg/my_py_pkg.egg-info/requires.txt
[1.316s] writing top-level names to ../../build/my_py_pkg/my_py_pkg.egg-info/top_level.txt
[1.358s] reading manifest file '../../build/my_py_pkg/my_py_pkg.egg-info/SOURCES.txt'
[1.359s] writing manifest file '../../build/my_py_pkg/my_py_pkg.egg-info/SOURCES.txt'
[1.359s] running build
[1.360s] running build_py
[1.360s] copying my_py_pkg/my_first_node.py -> /home/lenovo/Desktop/ros2_ws/build/my_py_pkg/build/lib/my_py_pkg
[1.360s] running install
[1.367s] running install_lib
[1.387s] copying /home/lenovo/Desktop/ros2_ws/build/my_py_pkg/build/lib/my_py_pkg/my_first_node.py -> /home/lenovo/Desktop/ros2_ws/install/my_py_pkg/lib/python3.12/site-packages/my_py_pkg
[1.388s] byte-compiling /home/lenovo/Desktop/ros2_ws/install/my_py_pkg/lib/python3.12/site-packages/my_py_pkg/my_first_node.py to my_first_node.cpython-312.pyc
[1.388s] running install_data
[1.389s] running install_egg_info
[1.411s] removing '/home/lenovo/Desktop/ros2_ws/install/my_py_pkg/lib/python3.12/site-packages/my_py_pkg-0.0.0-py3.12.egg-info' (and everything under it)
[1.411s] Copying ../../build/my_py_pkg/my_py_pkg.egg-info to /home/lenovo/Desktop/ros2_ws/install/my_py_pkg/lib/python3.12/site-packages/my_py_pkg-0.0.0-py3.12.egg-info
[1.412s] running install_scripts
[1.556s] Installing py_node_updated script to /home/lenovo/Desktop/ros2_ws/install/my_py_pkg/lib/my_py_pkg
[1.556s] writing list of installed files to '/home/lenovo/Desktop/ros2_ws/build/my_py_pkg/install.log'
[1.589s] Invoked command in '/home/lenovo/Desktop/ros2_ws/src/my_py_pkg' returned '0': DEBUGINFOD_URLS=https://debuginfod.ubuntu.com PYTHONPATH=/home/lenovo/Desktop/ros2_ws/build/my_py_pkg/prefix_override:/usr/lib/python3/dist-packages/colcon_core/task/python/colcon_distutils_commands:/home/lenovo/Desktop/ros2_ws/install/my_py_pkg/lib/python3.12/site-packages:${PYTHONPATH} /usr/bin/python3 -W ignore:setup.py install is deprecated -W ignore:easy_install command is deprecated setup.py egg_info --egg-base ../../build/my_py_pkg build --build-base /home/lenovo/Desktop/ros2_ws/build/my_py_pkg/build install --record /home/lenovo/Desktop/ros2_ws/build/my_py_pkg/install.log --single-version-externally-managed install_data
