[1.097s] Invoking command in '/home/lenovo/Desktop/ros2_ws/src/my_py_pkg': DEBUGINFOD_URLS=https://debuginfod.ubuntu.com PYTHONPATH=/home/lenovo/Desktop/ros2_ws/build/my_py_pkg/prefix_override:/usr/lib/python3/dist-packages/colcon_core/task/python/colcon_distutils_commands:/home/lenovo/Desktop/ros2_ws/install/my_py_pkg/lib/python3.12/site-packages:${PYTHONPATH} /usr/bin/python3 -W ignore:setup.py install is deprecated -W ignore:easy_install command is deprecated setup.py egg_info --egg-base ../../build/my_py_pkg build --build-base /home/lenovo/Desktop/ros2_ws/build/my_py_pkg/build install --record /home/lenovo/Desktop/ros2_ws/build/my_py_pkg/install.log --single-version-externally-managed install_data
[1.524s] running egg_info
[1.545s] writing ../../build/my_py_pkg/my_py_pkg.egg-info/PKG-INFO
[1.546s] writing dependency_links to ../../build/my_py_pkg/my_py_pkg.egg-info/dependency_links.txt
[1.546s] writing entry points to ../../build/my_py_pkg/my_py_pkg.egg-info/entry_points.txt
[1.546s] writing requirements to ../../build/my_py_pkg/my_py_pkg.egg-info/requires.txt
[1.546s] writing top-level names to ../../build/my_py_pkg/my_py_pkg.egg-info/top_level.txt
[1.588s] reading manifest file '../../build/my_py_pkg/my_py_pkg.egg-info/SOURCES.txt'
[1.590s] writing manifest file '../../build/my_py_pkg/my_py_pkg.egg-info/SOURCES.txt'
[1.590s] running build
[1.591s] running build_py
[1.591s] copying my_py_pkg/my_first_node.py -> /home/lenovo/Desktop/ros2_ws/build/my_py_pkg/build/lib/my_py_pkg
[1.591s] running install
[1.598s] running install_lib
[1.623s] copying /home/lenovo/Desktop/ros2_ws/build/my_py_pkg/build/lib/my_py_pkg/my_first_node.py -> /home/lenovo/Desktop/ros2_ws/install/my_py_pkg/lib/python3.12/site-packages/my_py_pkg
[1.624s] byte-compiling /home/lenovo/Desktop/ros2_ws/install/my_py_pkg/lib/python3.12/site-packages/my_py_pkg/my_first_node.py to my_first_node.cpython-312.pyc
[1.625s] running install_data
[1.625s] running install_egg_info
[1.655s] removing '/home/lenovo/Desktop/ros2_ws/install/my_py_pkg/lib/python3.12/site-packages/my_py_pkg-0.0.0-py3.12.egg-info' (and everything under it)
[1.656s] Copying ../../build/my_py_pkg/my_py_pkg.egg-info to /home/lenovo/Desktop/ros2_ws/install/my_py_pkg/lib/python3.12/site-packages/my_py_pkg-0.0.0-py3.12.egg-info
[1.661s] running install_scripts
[1.853s] Installing py_node_updated script to /home/lenovo/Desktop/ros2_ws/install/my_py_pkg/lib/my_py_pkg
[1.854s] writing list of installed files to '/home/lenovo/Desktop/ros2_ws/build/my_py_pkg/install.log'
[1.908s] Invoked command in '/home/lenovo/Desktop/ros2_ws/src/my_py_pkg' returned '0': DEBUGINFOD_URLS=https://debuginfod.ubuntu.com PYTHONPATH=/home/lenovo/Desktop/ros2_ws/build/my_py_pkg/prefix_override:/usr/lib/python3/dist-packages/colcon_core/task/python/colcon_distutils_commands:/home/lenovo/Desktop/ros2_ws/install/my_py_pkg/lib/python3.12/site-packages:${PYTHONPATH} /usr/bin/python3 -W ignore:setup.py install is deprecated -W ignore:easy_install command is deprecated setup.py egg_info --egg-base ../../build/my_py_pkg build --build-base /home/lenovo/Desktop/ros2_ws/build/my_py_pkg/build install --record /home/lenovo/Desktop/ros2_ws/build/my_py_pkg/install.log --single-version-externally-managed install_data
