[0.695s] Invoking command in '/home/lenovo/Desktop/ros2_ws/src/my_py_pkg': DEBUGINFOD_URLS=https://debuginfod.ubuntu.com PYTHONPATH=/home/lenovo/Desktop/ros2_ws/build/my_py_pkg/prefix_override:/usr/lib/python3/dist-packages/colcon_core/task/python/colcon_distutils_commands:/home/lenovo/Desktop/ros2_ws/install/my_py_pkg/lib/python3.12/site-packages:${PYTHONPATH} /usr/bin/python3 -W ignore:setup.py install is deprecated -W ignore:easy_install command is deprecated setup.py egg_info --egg-base ../../build/my_py_pkg build --build-base /home/lenovo/Desktop/ros2_ws/build/my_py_pkg/build install --record /home/lenovo/Desktop/ros2_ws/build/my_py_pkg/install.log --single-version-externally-managed install_data
[0.914s] running egg_info
[0.914s] creating ../../build/my_py_pkg/my_py_pkg.egg-info
[0.927s] writing ../../build/my_py_pkg/my_py_pkg.egg-info/PKG-INFO
[0.927s] writing dependency_links to ../../build/my_py_pkg/my_py_pkg.egg-info/dependency_links.txt
[0.927s] writing requirements to ../../build/my_py_pkg/my_py_pkg.egg-info/requires.txt
[0.927s] writing top-level names to ../../build/my_py_pkg/my_py_pkg.egg-info/top_level.txt
[0.927s] writing manifest file '../../build/my_py_pkg/my_py_pkg.egg-info/SOURCES.txt'
[0.957s] reading manifest file '../../build/my_py_pkg/my_py_pkg.egg-info/SOURCES.txt'
[0.957s] writing manifest file '../../build/my_py_pkg/my_py_pkg.egg-info/SOURCES.txt'
[0.957s] running build
[0.958s] running build_py
[0.958s] creating /home/lenovo/Desktop/ros2_ws/build/my_py_pkg/build
[0.958s] creating /home/lenovo/Desktop/ros2_ws/build/my_py_pkg/build/lib
[0.958s] creating /home/lenovo/Desktop/ros2_ws/build/my_py_pkg/build/lib/my_py_pkg
[0.958s] copying my_py_pkg/__init__.py -> /home/lenovo/Desktop/ros2_ws/build/my_py_pkg/build/lib/my_py_pkg
[0.958s] running install
[0.964s] running install_lib
[0.975s] creating /home/lenovo/Desktop/ros2_ws/install/my_py_pkg/lib/python3.12/site-packages/my_py_pkg
[0.975s] copying /home/lenovo/Desktop/ros2_ws/build/my_py_pkg/build/lib/my_py_pkg/__init__.py -> /home/lenovo/Desktop/ros2_ws/install/my_py_pkg/lib/python3.12/site-packages/my_py_pkg
[0.975s] byte-compiling /home/lenovo/Desktop/ros2_ws/install/my_py_pkg/lib/python3.12/site-packages/my_py_pkg/__init__.py to __init__.cpython-312.pyc
[0.975s] running install_data
[0.975s] creating /home/lenovo/Desktop/ros2_ws/install/my_py_pkg/share/ament_index
[0.975s] creating /home/lenovo/Desktop/ros2_ws/install/my_py_pkg/share/ament_index/resource_index
[0.975s] creating /home/lenovo/Desktop/ros2_ws/install/my_py_pkg/share/ament_index/resource_index/packages
[0.975s] copying resource/my_py_pkg -> /home/lenovo/Desktop/ros2_ws/install/my_py_pkg/share/ament_index/resource_index/packages
[0.976s] copying package.xml -> /home/lenovo/Desktop/ros2_ws/install/my_py_pkg/share/my_py_pkg
[0.976s] running install_egg_info
[0.990s] Copying ../../build/my_py_pkg/my_py_pkg.egg-info to /home/lenovo/Desktop/ros2_ws/install/my_py_pkg/lib/python3.12/site-packages/my_py_pkg-0.0.0-py3.12.egg-info
[0.991s] running install_scripts
[1.110s] writing list of installed files to '/home/lenovo/Desktop/ros2_ws/build/my_py_pkg/install.log'
[1.167s] Invoked command in '/home/lenovo/Desktop/ros2_ws/src/my_py_pkg' returned '0': DEBUGINFOD_URLS=https://debuginfod.ubuntu.com PYTHONPATH=/home/lenovo/Desktop/ros2_ws/build/my_py_pkg/prefix_override:/usr/lib/python3/dist-packages/colcon_core/task/python/colcon_distutils_commands:/home/lenovo/Desktop/ros2_ws/install/my_py_pkg/lib/python3.12/site-packages:${PYTHONPATH} /usr/bin/python3 -W ignore:setup.py install is deprecated -W ignore:easy_install command is deprecated setup.py egg_info --egg-base ../../build/my_py_pkg build --build-base /home/lenovo/Desktop/ros2_ws/build/my_py_pkg/build install --record /home/lenovo/Desktop/ros2_ws/build/my_py_pkg/install.log --single-version-externally-managed install_data
