running develop
Removing /home/lenovo/Desktop/ros2_ws/install/my_py_pkg/lib/python3.12/site-packages/my-py-pkg.egg-link (link to .)
running egg_info
writing ../../build/my_py_pkg/my_py_pkg.egg-info/PKG-INFO
writing dependency_links to ../../build/my_py_pkg/my_py_pkg.egg-info/dependency_links.txt
writing entry points to ../../build/my_py_pkg/my_py_pkg.egg-info/entry_points.txt
writing requirements to ../../build/my_py_pkg/my_py_pkg.egg-info/requires.txt
writing top-level names to ../../build/my_py_pkg/my_py_pkg.egg-info/top_level.txt
reading manifest file '../../build/my_py_pkg/my_py_pkg.egg-info/SOURCES.txt'
writing manifest file '../../build/my_py_pkg/my_py_pkg.egg-info/SOURCES.txt'
running build
running build_py
copying my_py_pkg/robot_center.py -> /home/lenovo/Desktop/ros2_ws/build/my_py_pkg/build/lib/my_py_pkg
copying my_py_pkg/my_first_node.py -> /home/lenovo/Desktop/ros2_ws/build/my_py_pkg/build/lib/my_py_pkg
copying my_py_pkg/template_node.py -> /home/lenovo/Desktop/ros2_ws/build/my_py_pkg/build/lib/my_py_pkg
copying my_py_pkg/robot_state_publisher.py -> /home/lenovo/Desktop/ros2_ws/build/my_py_pkg/build/lib/my_py_pkg
running install
running install_lib
creating /home/lenovo/Desktop/ros2_ws/install/my_py_pkg/lib/python3.12/site-packages/my_py_pkg
copying /home/lenovo/Desktop/ros2_ws/build/my_py_pkg/build/lib/my_py_pkg/robot_center.py -> /home/lenovo/Desktop/ros2_ws/install/my_py_pkg/lib/python3.12/site-packages/my_py_pkg
copying /home/lenovo/Desktop/ros2_ws/build/my_py_pkg/build/lib/my_py_pkg/my_first_node.py -> /home/lenovo/Desktop/ros2_ws/install/my_py_pkg/lib/python3.12/site-packages/my_py_pkg
copying /home/lenovo/Desktop/ros2_ws/build/my_py_pkg/build/lib/my_py_pkg/__init__.py -> /home/lenovo/Desktop/ros2_ws/install/my_py_pkg/lib/python3.12/site-packages/my_py_pkg
copying /home/lenovo/Desktop/ros2_ws/build/my_py_pkg/build/lib/my_py_pkg/template_node.py -> /home/lenovo/Desktop/ros2_ws/install/my_py_pkg/lib/python3.12/site-packages/my_py_pkg
copying /home/lenovo/Desktop/ros2_ws/build/my_py_pkg/build/lib/my_py_pkg/robot_state_publisher.py -> /home/lenovo/Desktop/ros2_ws/install/my_py_pkg/lib/python3.12/site-packages/my_py_pkg
byte-compiling /home/lenovo/Desktop/ros2_ws/install/my_py_pkg/lib/python3.12/site-packages/my_py_pkg/robot_center.py to robot_center.cpython-312.pyc
byte-compiling /home/lenovo/Desktop/ros2_ws/install/my_py_pkg/lib/python3.12/site-packages/my_py_pkg/my_first_node.py to my_first_node.cpython-312.pyc
byte-compiling /home/lenovo/Desktop/ros2_ws/install/my_py_pkg/lib/python3.12/site-packages/my_py_pkg/__init__.py to __init__.cpython-312.pyc
byte-compiling /home/lenovo/Desktop/ros2_ws/install/my_py_pkg/lib/python3.12/site-packages/my_py_pkg/template_node.py to template_node.cpython-312.pyc
byte-compiling /home/lenovo/Desktop/ros2_ws/install/my_py_pkg/lib/python3.12/site-packages/my_py_pkg/robot_state_publisher.py to robot_state_publisher.cpython-312.pyc
running install_data
copying resource/my_py_pkg -> /home/lenovo/Desktop/ros2_ws/install/my_py_pkg/share/ament_index/resource_index/packages
copying package.xml -> /home/lenovo/Desktop/ros2_ws/install/my_py_pkg/share/my_py_pkg
running install_egg_info
Copying ../../build/my_py_pkg/my_py_pkg.egg-info to /home/lenovo/Desktop/ros2_ws/install/my_py_pkg/lib/python3.12/site-packages/my_py_pkg-0.0.0-py3.12.egg-info
running install_scripts
Installing py_node_updated script to /home/lenovo/Desktop/ros2_ws/install/my_py_pkg/lib/my_py_pkg
Installing robot_center script to /home/lenovo/Desktop/ros2_ws/install/my_py_pkg/lib/my_py_pkg
Installing state_publisher script to /home/lenovo/Desktop/ros2_ws/install/my_py_pkg/lib/my_py_pkg
writing list of installed files to '/home/lenovo/Desktop/ros2_ws/build/my_py_pkg/install.log'
